* [Engine] Log started at 2024/9/28 17:48:54
* [Engine] DragonRuby Game Toolkit
* [Engine]   Version: 6.1
* [Engine]   Tier: Standard
* [Engine]   GIT Hash: b874ee4619a10a7f897629ec4308c93b470f51a6
* [Engine]   Build Date: Sep  3 2024 21:16:13
* [Engine] Platform: Mac OS X
* [Engine] 
* [Engine] *******************************************************************************************
* [Engine] *** This is the Standard license build!                                                 ***
* [Engine] *** Get more with an Indie or Pro license such as C extensions, mobile dev, and VR dev! ***
* [Engine] *** Details at http://dragonruby.org/toolkit/game#purchase                              ***
* [Engine] *******************************************************************************************
* [Engine] 
! [Engine] Metadata file does not have all required fields!
- [Engine] Process Working Directory: /Users/indigo/Desktop/DragonRuby Games/DragonFM/
- [Engine] Game Dir: /Users/indigo/Desktop/DragonRuby Games/DragonFM//mygame
- [Engine] Game ID: hello-SDL
- [Engine] Game Title: Update metadata/game_metadata.txt in your mygame directory to change this title.
- [Engine] Game Version: 1.0
- [Engine] Game Package ID: org.dragonruby.hello-SDL
- [Engine] Game Developer ID: dragonruby
- [Engine] Game Developer Title: DragonRuby LLC
- [Engine] Production Build: no
- [Engine] Remote Hotload: no
? [Engine] Loading cvars from file 'metadata/cvars.txt' ...
? [Engine] File 'metadata/cvars.txt' line 44 setting cvar 'log.filter_subsystems' to 'HTTPServer'
? [Engine] File 'metadata/cvars.txt' complete
- [Render] SDL video backend: cocoa
- [Render] SDL renderer backend: metal
- [Render] Window size: 1280x720 (requested 1280x720)
- [Render] Fullscreen Desktop mode: no
- [Render] HD: no
- [Render] HighDPI: no
- [Render] Max texture size: 16384x16384 (system reported 16384x16384)
- [Render] Logical render size: 1280x720
- [Render] Native render size: 1280x720
? [Engine] RNG seed has been set to 1727570934.
- [Engine] Janitor is using 4 threads.
? [Engine] Reloaded app/main.rb. (5331)
? [Engine] Reloaded app/main.rb. (5869)
? [Engine] Reloaded app/main.rb. (5989)
? [Engine] Reloaded app/main.rb. (6589)
? [Engine] Reloaded app/main.rb. (9169)
? [Engine] Reloaded app/main.rb. (9349)
? [Engine] Reloaded app/main.rb. (9469)
? [Engine] Reloaded app/main.rb. (9829)
? [Engine] Reloaded app/main.rb. (10009)
? [Engine] Reloaded app/main.rb. (10249)
? [Engine] Reloaded app/main.rb. (12169)
? [Engine] Reloaded app/main.rb. (13729)
? [Engine] Reloaded app/main.rb. (13969)
? [Engine] Reloaded app/main.rb. (18049)
? [Engine] Reloaded app/main.rb. (18585)
? [Engine] Reloaded app/main.rb. (20145)
? [Engine] Reloaded app/main.rb. (21405)
? [Engine] Reloaded app/main.rb. (21885)
? [Engine] Reloaded app/main.rb. (24345)
? [Engine] Reloaded app/main.rb. (24465)
- [Game] * WARNING: Framerate below 30fps for over 120 frames.
- [Game] * WARNING: The average FPS was 2.
- $gtk.get_framerate_diagnostics  : Get framerate diagnostics.
- $gtk.disable_framerate_warning! : Disable this warning.

* [Engine] Logging shutting down
