* [Engine] Log started at 2024/9/28 17:19:36
* [Engine] DragonRuby Game Toolkit
* [Engine]   Version: 6.1
* [Engine]   Tier: Standard
* [Engine]   GIT Hash: b874ee4619a10a7f897629ec4308c93b470f51a6
* [Engine]   Build Date: Sep  3 2024 21:16:13
* [Engine] Platform: Mac OS X
* [Engine] 
* [Engine] *******************************************************************************************
* [Engine] *** This is the Standard license build!                                                 ***
* [Engine] *** Get more with an Indie or Pro license such as C extensions, mobile dev, and VR dev! ***
* [Engine] *** Details at http://dragonruby.org/toolkit/game#purchase                              ***
* [Engine] *******************************************************************************************
* [Engine] 
- [Engine] Process Working Directory: /Users/indigo/Desktop/DragonRuby Games/DragonFM/
- [Engine] Game Dir: samples/07_advanced_audio/02_sound_synthesis
- [Engine] Game ID: sample-app
- [Engine] Game Title: Sample App
- [Engine] Game Version: 1.0
- [Engine] Game Package ID: org.dragonruby.sample-app
- [Engine] Game Developer ID: dragonruby
- [Engine] Game Developer Title: DragonRuby LLC
- [Engine] Production Build: no
- [Engine] Remote Hotload: no
- [Render] SDL video backend: cocoa
- [Render] SDL renderer backend: metal
- [Render] Window size: 1280x720 (requested 1280x720)
- [Render] Fullscreen Desktop mode: no
- [Render] HD: no
- [Render] HighDPI: no
- [Render] Max texture size: 16384x16384 (system reported 16384x16384)
- [Render] Logical render size: 1280x720
- [Render] Native render size: 1280x720
? [Engine] RNG seed has been set to 1727569176.
- [Engine] Janitor is using 4 threads.
* [Engine] Logging shutting down
